Generated at 2022-07-14 06:42:24 +0000
Mixlib::ShellOut::ShellCommandFailed: git[/home/ec2-user/deploy] (supermarket-deploy::default line 7) had an error: Mixlib::ShellOut::ShellCommandFailed: Expected process to exit with [0], but received '128'
---- Begin output of git ls-remote "git://github.com/rbenv/ruby-build.git" "master*" ----
STDOUT: 
STDERR: fatal: unable to connect to github.com:
github.com[0: 13.234.176.102]: errno=Connection timed out
---- End output of git ls-remote "git://github.com/rbenv/ruby-build.git" "master*" ----
Ran git ls-remote "git://github.com/rbenv/ruby-build.git" "master*" returned 128
/opt/chef-workstation/embedded/lib/ruby/gems/2.6.0/gems/mixlib-shellout-3.0.7/lib/mixlib/shellout.rb:300:in `invalid!'
/opt/chef-workstation/embedded/lib/ruby/gems/2.6.0/gems/mixlib-shellout-3.0.7/lib/mixlib/shellout.rb:287:in `error!'
/opt/chef-workstation/embedded/lib/ruby/gems/2.6.0/gems/chef-15.6.10/lib/chef/mixin/shell_out.rb:131:in `shell_out_compacted!'
/opt/chef-workstation/embedded/lib/ruby/gems/2.6.0/gems/chef-15.6.10/lib/chef/mixin/shell_out.rb:64:in `shell_out!'
/opt/chef-workstation/embedded/lib/ruby/gems/2.6.0/gems/chef-15.6.10/lib/chef/provider/git.rb:341:in `git'
/opt/chef-workstation/embedded/lib/ruby/gems/2.6.0/gems/chef-15.6.10/lib/chef/provider/git.rb:298:in `git_ls_remote'
/opt/chef-workstation/embedded/lib/ruby/gems/2.6.0/gems/chef-15.6.10/lib/chef/provider/git.rb:257:in `remote_resolve_reference'
/opt/chef-workstation/embedded/lib/ruby/gems/2.6.0/gems/chef-15.6.10/lib/chef/provider/git.rb:243:in `target_revision'
/opt/chef-workstation/embedded/lib/ruby/gems/2.6.0/gems/chef-15.6.10/lib/chef/provider/git.rb:66:in `block (2 levels) in define_resource_requirements'
/opt/chef-workstation/embedded/lib/ruby/gems/2.6.0/gems/chef-15.6.10/lib/chef/mixin/why_run.rb:229:in `run'
/opt/chef-workstation/embedded/lib/ruby/gems/2.6.0/gems/chef-15.6.10/lib/chef/mixin/why_run.rb:316:in `block in run'
/opt/chef-workstation/embedded/lib/ruby/gems/2.6.0/gems/chef-15.6.10/lib/chef/mixin/why_run.rb:315:in `each'
/opt/chef-workstation/embedded/lib/ruby/gems/2.6.0/gems/chef-15.6.10/lib/chef/mixin/why_run.rb:315:in `run'
/opt/chef-workstation/embedded/lib/ruby/gems/2.6.0/gems/chef-15.6.10/lib/chef/provider.rb:198:in `process_resource_requirements'
/opt/chef-workstation/embedded/lib/ruby/gems/2.6.0/gems/chef-15.6.10/lib/chef/provider.rb:177:in `run_action'
/opt/chef-workstation/embedded/lib/ruby/gems/2.6.0/gems/chef-15.6.10/lib/chef/resource.rb:586:in `run_action'
/opt/chef-workstation/embedded/lib/ruby/gems/2.6.0/gems/chef-15.6.10/lib/chef/runner.rb:74:in `run_action'
/opt/chef-workstation/embedded/lib/ruby/gems/2.6.0/gems/chef-15.6.10/lib/chef/runner.rb:108:in `block in run_all_actions'
/opt/chef-workstation/embedded/lib/ruby/gems/2.6.0/gems/chef-15.6.10/lib/chef/runner.rb:108:in `each'
/opt/chef-workstation/embedded/lib/ruby/gems/2.6.0/gems/chef-15.6.10/lib/chef/runner.rb:108:in `run_all_actions'
/opt/chef-workstation/embedded/lib/ruby/gems/2.6.0/gems/chef-15.6.10/lib/chef/runner.rb:132:in `block in converge'
/opt/chef-workstation/embedded/lib/ruby/gems/2.6.0/gems/chef-15.6.10/lib/chef/resource_collection/resource_list.rb:96:in `block in execute_each_resource'
/opt/chef-workstation/embedded/lib/ruby/gems/2.6.0/gems/chef-15.6.10/lib/chef/resource_collection/stepable_iterator.rb:115:in `call_iterator_block'
/opt/chef-workstation/embedded/lib/ruby/gems/2.6.0/gems/chef-15.6.10/lib/chef/resource_collection/stepable_iterator.rb:86:in `step'
/opt/chef-workstation/embedded/lib/ruby/gems/2.6.0/gems/chef-15.6.10/lib/chef/resource_collection/stepable_iterator.rb:104:in `iterate'
/opt/chef-workstation/embedded/lib/ruby/gems/2.6.0/gems/chef-15.6.10/lib/chef/resource_collection/stepable_iterator.rb:55:in `each_with_index'
/opt/chef-workstation/embedded/lib/ruby/gems/2.6.0/gems/chef-15.6.10/lib/chef/resource_collection/resource_list.rb:94:in `execute_each_resource'
/opt/chef-workstation/embedded/lib/ruby/2.6.0/forwardable.rb:230:in `execute_each_resource'
/opt/chef-workstation/embedded/lib/ruby/gems/2.6.0/gems/chef-15.6.10/lib/chef/runner.rb:130:in `converge'
/opt/chef-workstation/embedded/lib/ruby/gems/2.6.0/gems/chef-15.6.10/lib/chef/client.rb:703:in `block in converge'
/opt/chef-workstation/embedded/lib/ruby/gems/2.6.0/gems/chef-15.6.10/lib/chef/client.rb:698:in `catch'
/opt/chef-workstation/embedded/lib/ruby/gems/2.6.0/gems/chef-15.6.10/lib/chef/client.rb:698:in `converge'
/opt/chef-workstation/embedded/lib/ruby/gems/2.6.0/gems/chef-15.6.10/lib/chef/client.rb:722:in `converge_and_save'
/opt/chef-workstation/embedded/lib/ruby/gems/2.6.0/gems/chef-15.6.10/lib/chef/client.rb:288:in `run'
/opt/chef-workstation/embedded/lib/ruby/gems/2.6.0/gems/chef-15.6.10/lib/chef/application.rb:320:in `run_with_graceful_exit_option'
/opt/chef-workstation/embedded/lib/ruby/gems/2.6.0/gems/chef-15.6.10/lib/chef/application.rb:296:in `block in run_chef_client'
/opt/chef-workstation/embedded/lib/ruby/gems/2.6.0/gems/chef-15.6.10/lib/chef/local_mode.rb:42:in `with_server_connectivity'
/opt/chef-workstation/embedded/lib/ruby/gems/2.6.0/gems/chef-15.6.10/lib/chef/application.rb:279:in `run_chef_client'
/opt/chef-workstation/embedded/lib/ruby/gems/2.6.0/gems/chef-15.6.10/lib/chef/application/base.rb:330:in `run_application'
/opt/chef-workstation/embedded/lib/ruby/gems/2.6.0/gems/chef-15.6.10/lib/chef/application.rb:69:in `run'
/opt/chef-workstation/embedded/lib/ruby/gems/2.6.0/gems/chef-bin-15.6.10/bin/chef-client:25:in `<top (required)>'
/bin/chef-client:362:in `load'
/bin/chef-client:362:in `<main>'

>>>> Caused by Mixlib::ShellOut::ShellCommandFailed: Expected process to exit with [0], but received '128'
---- Begin output of git ls-remote "git://github.com/rbenv/ruby-build.git" "master*" ----
STDOUT: 
STDERR: fatal: unable to connect to github.com:
github.com[0: 13.234.176.102]: errno=Connection timed out
---- End output of git ls-remote "git://github.com/rbenv/ruby-build.git" "master*" ----
Ran git ls-remote "git://github.com/rbenv/ruby-build.git" "master*" returned 128
/opt/chef-workstation/embedded/lib/ruby/gems/2.6.0/gems/mixlib-shellout-3.0.7/lib/mixlib/shellout.rb:300:in `invalid!'
/opt/chef-workstation/embedded/lib/ruby/gems/2.6.0/gems/mixlib-shellout-3.0.7/lib/mixlib/shellout.rb:287:in `error!'
/opt/chef-workstation/embedded/lib/ruby/gems/2.6.0/gems/chef-15.6.10/lib/chef/mixin/shell_out.rb:131:in `shell_out_compacted!'
/opt/chef-workstation/embedded/lib/ruby/gems/2.6.0/gems/chef-15.6.10/lib/chef/mixin/shell_out.rb:64:in `shell_out!'
/opt/chef-workstation/embedded/lib/ruby/gems/2.6.0/gems/chef-15.6.10/lib/chef/provider/git.rb:341:in `git'
/opt/chef-workstation/embedded/lib/ruby/gems/2.6.0/gems/chef-15.6.10/lib/chef/provider/git.rb:298:in `git_ls_remote'
/opt/chef-workstation/embedded/lib/ruby/gems/2.6.0/gems/chef-15.6.10/lib/chef/provider/git.rb:257:in `remote_resolve_reference'
/opt/chef-workstation/embedded/lib/ruby/gems/2.6.0/gems/chef-15.6.10/lib/chef/provider/git.rb:243:in `target_revision'
/opt/chef-workstation/embedded/lib/ruby/gems/2.6.0/gems/chef-15.6.10/lib/chef/provider/git.rb:66:in `block (2 levels) in define_resource_requirements'
/opt/chef-workstation/embedded/lib/ruby/gems/2.6.0/gems/chef-15.6.10/lib/chef/mixin/why_run.rb:229:in `run'
/opt/chef-workstation/embedded/lib/ruby/gems/2.6.0/gems/chef-15.6.10/lib/chef/mixin/why_run.rb:316:in `block in run'
/opt/chef-workstation/embedded/lib/ruby/gems/2.6.0/gems/chef-15.6.10/lib/chef/mixin/why_run.rb:315:in `each'
/opt/chef-workstation/embedded/lib/ruby/gems/2.6.0/gems/chef-15.6.10/lib/chef/mixin/why_run.rb:315:in `run'
/opt/chef-workstation/embedded/lib/ruby/gems/2.6.0/gems/chef-15.6.10/lib/chef/provider.rb:198:in `process_resource_requirements'
/opt/chef-workstation/embedded/lib/ruby/gems/2.6.0/gems/chef-15.6.10/lib/chef/provider.rb:177:in `run_action'
/opt/chef-workstation/embedded/lib/ruby/gems/2.6.0/gems/chef-15.6.10/lib/chef/resource.rb:586:in `run_action'
/opt/chef-workstation/embedded/lib/ruby/gems/2.6.0/gems/chef-15.6.10/lib/chef/runner.rb:74:in `run_action'
/opt/chef-workstation/embedded/lib/ruby/gems/2.6.0/gems/chef-15.6.10/lib/chef/runner.rb:108:in `block in run_all_actions'
/opt/chef-workstation/embedded/lib/ruby/gems/2.6.0/gems/chef-15.6.10/lib/chef/runner.rb:108:in `each'
/opt/chef-workstation/embedded/lib/ruby/gems/2.6.0/gems/chef-15.6.10/lib/chef/runner.rb:108:in `run_all_actions'
/opt/chef-workstation/embedded/lib/ruby/gems/2.6.0/gems/chef-15.6.10/lib/chef/runner.rb:132:in `block in converge'
/opt/chef-workstation/embedded/lib/ruby/gems/2.6.0/gems/chef-15.6.10/lib/chef/resource_collection/resource_list.rb:96:in `block in execute_each_resource'
/opt/chef-workstation/embedded/lib/ruby/gems/2.6.0/gems/chef-15.6.10/lib/chef/resource_collection/stepable_iterator.rb:115:in `call_iterator_block'
/opt/chef-workstation/embedded/lib/ruby/gems/2.6.0/gems/chef-15.6.10/lib/chef/resource_collection/stepable_iterator.rb:86:in `step'
/opt/chef-workstation/embedded/lib/ruby/gems/2.6.0/gems/chef-15.6.10/lib/chef/resource_collection/stepable_iterator.rb:104:in `iterate'
/opt/chef-workstation/embedded/lib/ruby/gems/2.6.0/gems/chef-15.6.10/lib/chef/resource_collection/stepable_iterator.rb:55:in `each_with_index'
/opt/chef-workstation/embedded/lib/ruby/gems/2.6.0/gems/chef-15.6.10/lib/chef/resource_collection/resource_list.rb:94:in `execute_each_resource'
/opt/chef-workstation/embedded/lib/ruby/2.6.0/forwardable.rb:230:in `execute_each_resource'
/opt/chef-workstation/embedded/lib/ruby/gems/2.6.0/gems/chef-15.6.10/lib/chef/runner.rb:130:in `converge'
/opt/chef-workstation/embedded/lib/ruby/gems/2.6.0/gems/chef-15.6.10/lib/chef/client.rb:703:in `block in converge'
/opt/chef-workstation/embedded/lib/ruby/gems/2.6.0/gems/chef-15.6.10/lib/chef/client.rb:698:in `catch'
/opt/chef-workstation/embedded/lib/ruby/gems/2.6.0/gems/chef-15.6.10/lib/chef/client.rb:698:in `converge'
/opt/chef-workstation/embedded/lib/ruby/gems/2.6.0/gems/chef-15.6.10/lib/chef/client.rb:722:in `converge_and_save'
/opt/chef-workstation/embedded/lib/ruby/gems/2.6.0/gems/chef-15.6.10/lib/chef/client.rb:288:in `run'
/opt/chef-workstation/embedded/lib/ruby/gems/2.6.0/gems/chef-15.6.10/lib/chef/application.rb:320:in `run_with_graceful_exit_option'
/opt/chef-workstation/embedded/lib/ruby/gems/2.6.0/gems/chef-15.6.10/lib/chef/application.rb:296:in `block in run_chef_client'
/opt/chef-workstation/embedded/lib/ruby/gems/2.6.0/gems/chef-15.6.10/lib/chef/local_mode.rb:42:in `with_server_connectivity'
/opt/chef-workstation/embedded/lib/ruby/gems/2.6.0/gems/chef-15.6.10/lib/chef/application.rb:279:in `run_chef_client'
/opt/chef-workstation/embedded/lib/ruby/gems/2.6.0/gems/chef-15.6.10/lib/chef/application/base.rb:330:in `run_application'
/opt/chef-workstation/embedded/lib/ruby/gems/2.6.0/gems/chef-15.6.10/lib/chef/application.rb:69:in `run'
/opt/chef-workstation/embedded/lib/ruby/gems/2.6.0/gems/chef-bin-15.6.10/bin/chef-client:25:in `<top (required)>'
/bin/chef-client:362:in `load'
/bin/chef-client:362:in `<main>'